<?xml version="1.0" encoding="UTF-8"?>
<!-- Generated by org.testng.reporters.JUnitReportReporter -->
<testsuite hostname="TYSS-Shobha" failures="0" tests="1" name="MyProject.Test1" time="7.238" errors="0" timestamp="2024-06-27T14:30:28 IST" skipped="0">
  <testcase classname="MyProject.Test1" name="m1test" time="7.238"/>
  <system-out/>
</testsuite> <!-- MyProject.Test1 -->
